<?xml version="1.0" encoding="UTF-8"?>
<!-- Generated by org.testng.reporters.JUnitXMLReporter -->
<testsuite hostname="Amar" name="Test" tests="3" failures="0" timestamp="6 Apr 2017 10:17:33 GMT" time="19.73" errors="0">
  <testcase name="testGooglePageTitleInIEBrowser" time="2.156" classname="com.test.TestC"/>
  <testcase name="testGooglePageTitleInFirefox" time="1.877" classname="com.test.TestA"/>
  <testcase name="testGooglePageTitleInChrome" time="1.79" classname="com.test.TestB"/>
</testsuite> <!-- Test -->
