<?xml version="1.0" encoding="UTF-8"?>
<testng-results skipped="0" failed="0" total="3" passed="3">
  <reporter-output>
  </reporter-output>
  <suite name="Suite" duration-ms="19730" started-at="2017-04-06T10:17:13Z" finished-at="2017-04-06T10:17:33Z">
    <groups>
    </groups>
    <test name="Test" duration-ms="19730" started-at="2017-04-06T10:17:13Z" finished-at="2017-04-06T10:17:33Z">
      <class name="com.test.TestC">
        <test-method status="PASS" signature="setUp()[pri:0, instance:com.test.TestC@7d4793a8]" name="setUp" is-config="true" duration-ms="4591" started-at="2017-04-06T15:47:13Z" finished-at="2017-04-06T15:47:18Z">
          <reporter-output>
          </reporter-output>
        </test-method> <!-- setUp -->
        <test-method status="PASS" signature="testGooglePageTitleInIEBrowser()[pri:0, instance:com.test.TestC@7d4793a8]" name="testGooglePageTitleInIEBrowser" duration-ms="2156" started-at="2017-04-06T15:47:18Z" finished-at="2017-04-06T15:47:20Z">
          <reporter-output>
          </reporter-output>
        </test-method> <!-- testGooglePageTitleInIEBrowser -->
        <test-method status="PASS" signature="tearDown()[pri:0, instance:com.test.TestC@7d4793a8]" name="tearDown" is-config="true" duration-ms="1047" started-at="2017-04-06T15:47:20Z" finished-at="2017-04-06T15:47:21Z">
          <reporter-output>
          </reporter-output>
        </test-method> <!-- tearDown -->
      </class> <!-- com.test.TestC -->
      <class name="com.test.TestB">
        <test-method status="PASS" signature="setUp()[pri:0, instance:com.test.TestB@3f102e87]" name="setUp" is-config="true" duration-ms="3064" started-at="2017-04-06T15:47:27Z" finished-at="2017-04-06T15:47:30Z">
          <reporter-output>
          </reporter-output>
        </test-method> <!-- setUp -->
        <test-method status="PASS" signature="testGooglePageTitleInChrome()[pri:0, instance:com.test.TestB@3f102e87]" name="testGooglePageTitleInChrome" duration-ms="1790" started-at="2017-04-06T15:47:30Z" finished-at="2017-04-06T15:47:32Z">
          <reporter-output>
          </reporter-output>
        </test-method> <!-- testGooglePageTitleInChrome -->
        <test-method status="PASS" signature="tearDown()[pri:0, instance:com.test.TestB@3f102e87]" name="tearDown" is-config="true" duration-ms="899" started-at="2017-04-06T15:47:32Z" finished-at="2017-04-06T15:47:33Z">
          <reporter-output>
          </reporter-output>
        </test-method> <!-- tearDown -->
      </class> <!-- com.test.TestB -->
      <class name="com.test.TestA">
        <test-method status="PASS" signature="setUp()[pri:0, instance:com.test.TestA@449b2d27]" name="setUp" is-config="true" duration-ms="3347" started-at="2017-04-06T15:47:21Z" finished-at="2017-04-06T15:47:24Z">
          <reporter-output>
          </reporter-output>
        </test-method> <!-- setUp -->
        <test-method status="PASS" signature="testGooglePageTitleInFirefox()[pri:0, instance:com.test.TestA@449b2d27]" name="testGooglePageTitleInFirefox" duration-ms="1877" started-at="2017-04-06T15:47:24Z" finished-at="2017-04-06T15:47:26Z">
          <reporter-output>
          </reporter-output>
        </test-method> <!-- testGooglePageTitleInFirefox -->
        <test-method status="PASS" signature="tearDown()[pri:0, instance:com.test.TestA@449b2d27]" name="tearDown" is-config="true" duration-ms="950" started-at="2017-04-06T15:47:26Z" finished-at="2017-04-06T15:47:27Z">
          <reporter-output>
          </reporter-output>
        </test-method> <!-- tearDown -->
      </class> <!-- com.test.TestA -->
    </test> <!-- Test -->
  </suite> <!-- Suite -->
</testng-results>
